29-Oct-19 14:52:34 - The final loss of the model is: 1.71
30-Oct-19 10:40:46 - The final loss of the model is: 1.71
19-Nov-19 11:30:17 - The final loss of the model is: 1.71
19-Nov-19 13:27:47 - The final loss of the model is: 1.48
27-Nov-19 16:01:59 - The final loss of the model is: 4.03
27-Nov-19 16:33:38 - The final loss of the model is: 3.35
29-Nov-19 14:19:02 - The final loss of the model is: nan
29-Nov-19 14:22:14 - The final loss of the model is: nan
29-Nov-19 14:25:39 - The final loss of the model is: nan
29-Nov-19 14:28:47 - The final loss of the model is: 5.80
29-Nov-19 18:56:19 - The final loss of the model is: 5.71
29-Nov-19 18:56:56 - The final loss of model cont_size_ks_net is: 6.09
03-Dec-19 10:43:24 - The final loss of model: cont_size_ks_net, is: 5.80
03-Dec-19 10:43:55 - The final loss of model: cont_size_ks_net, is: nan
03-Dec-19 12:40:24 - The final loss of model: cont_size_ks_net, is: nan
03-Dec-19 12:53:53 - The final loss of model: cont_size_ks_net, is: nan
03-Dec-19 13:06:30 - The final loss of model: cont_size_ks_net, is: 7.84
03-Dec-19 13:07:06 - The final loss of model: cont_size_ks_net, is: nan
03-Dec-19 13:07:15 - The final loss of model: cont_size_ks_net, is: nan
03-Dec-19 13:07:21 - The final loss of model: cont_size_ks_net, is: nan
03-Dec-19 13:14:36 - The final loss of model: cont_size_ks_net, is: nan
03-Dec-19 13:48:20 - The final loss of model: cont_size_ks_net, is: 4.92
03-Dec-19 14:24:29 - The final loss of model: cont_size_ks_net, is: 5.56
03-Dec-19 15:36:50 - The final loss of model: cont_size_ks_net, is: 5.59
03-Dec-19 16:46:41 - The final loss of model: cont_size_ks_net, is: 5.56
04-Dec-19 16:12:49 - The final loss of model: cont_size_ks_net, is: 5.59
04-Dec-19 17:29:55 - The final loss of model: cont_size_ks_net, is: 5.25
04-Dec-19 18:15:29 - The final loss of model: cont_size_ks_net, is: 5.69
05-Dec-19 11:42:07 - The final loss of model: cont_size_ks_net, is: 5.56
05-Dec-19 16:19:19 - The final loss of model: cont_size_ks_net, is: 5.57
05-Dec-19 16:23:50 - The final loss of model: cont_size_ks_net, is: 5.61
27-Jan-20 15:00:58 - The final loss of model: cont_size_ks_net, is: 5.64
27-Jan-20 15:02:24 - The final loss of model: cont_size_ks_net, is: 5.89
27-Jan-20 15:04:02 - The final loss of model: cont_size_ks_net, is: 5.48
27-Jan-20 15:04:27 - The final loss of model: cont_size_ks_net, is: 5.59
27-Jan-20 15:04:52 - The final loss of model: cont_size_ks_net, is: 5.52
27-Jan-20 15:05:12 - The final loss of model: cont_size_ks_net, is: 5.51
27-Jan-20 15:05:48 - The final loss of model: cont_size_ks_net, is: nan
27-Jan-20 15:06:08 - The final loss of model: cont_size_ks_net, is: nan
27-Jan-20 15:06:42 - The final loss of model: cont_size_ks_net, is: nan
27-Jan-20 15:07:08 - The final loss of model: cont_size_ks_net, is: 5.88
27-Jan-20 15:07:33 - The final loss of model: cont_size_ks_net, is: 6.63
27-Jan-20 15:07:54 - The final loss of model: cont_size_ks_net, is: 5.49
27-Jan-20 15:08:17 - The final loss of model: cont_size_ks_net, is: 9.12
27-Jan-20 15:08:34 - The final loss of model: cont_size_ks_net, is: 7.98
27-Jan-20 15:08:53 - The final loss of model: cont_size_ks_net, is: nan
27-Jan-20 15:09:12 - The final loss of model: cont_size_ks_net, is: 5.88
27-Jan-20 15:10:11 - The final loss of model: cont_size_ks_net, is: 7.97
27-Jan-20 15:11:05 - The final loss of model: cont_size_ks_net, is: 5.48
27-Jan-20 15:11:31 - The final loss of model: cont_size_ks_net, is: 5.51
27-Jan-20 15:11:55 - The final loss of model: cont_size_ks_net, is: 6.66
27-Jan-20 15:12:15 - The final loss of model: cont_size_ks_net, is: 7.97
27-Jan-20 15:12:38 - The final loss of model: cont_size_ks_net, is: 5.49
27-Jan-20 15:12:59 - The final loss of model: cont_size_ks_net, is: 5.52
27-Jan-20 15:13:19 - The final loss of model: cont_size_ks_net, is: 5.47
27-Jan-20 15:13:41 - The final loss of model: cont_size_ks_net, is: 5.52
27-Jan-20 15:16:34 - The final loss of model: cont_size_ks_net, is: 5.43
27-Jan-20 15:17:00 - The final loss of model: cont_size_ks_net, is: 5.43
27-Jan-20 15:17:27 - The final loss of model: cont_size_ks_net, is: 5.42
27-Jan-20 15:18:03 - The final loss of model: cont_size_ks_net, is: 5.47
27-Jan-20 15:18:30 - The final loss of model: cont_size_ks_net, is: 5.48
27-Jan-20 15:19:20 - The final loss of model: cont_size_ks_net, is: 5.49
27-Jan-20 15:19:46 - The final loss of model: cont_size_ks_net, is: 5.51
27-Jan-20 15:20:56 - The final loss of model: cont_size_ks_net, is: nan
27-Jan-20 15:21:23 - The final loss of model: cont_size_ks_net, is: 10.30
27-Jan-20 15:22:02 - The final loss of model: cont_size_ks_net, is: nan
27-Jan-20 15:22:30 - The final loss of model: cont_size_ks_net, is: 5.42
27-Jan-20 15:23:31 - The final loss of model: cont_size_ks_net, is: 7.08
27-Jan-20 15:23:59 - The final loss of model: cont_size_ks_net, is: 5.44
27-Jan-20 15:24:27 - The final loss of model: cont_size_ks_net, is: 5.47
27-Jan-20 15:24:59 - The final loss of model: cont_size_ks_net, is: 5.48
27-Jan-20 15:26:04 - The final loss of model: cont_size_ks_net, is: 5.48
27-Jan-20 15:28:16 - The final loss of model: cont_size_ks_net, is: 5.47
27-Jan-20 15:28:41 - The final loss of model: cont_size_ks_net, is: 5.46
27-Jan-20 15:29:11 - The final loss of model: cont_size_ks_net, is: 5.44
27-Jan-20 15:29:36 - The final loss of model: cont_size_ks_net, is: 5.43
27-Jan-20 15:30:51 - The final loss of model: cont_size_ks_net, is: 5.48
27-Jan-20 15:31:31 - The final loss of model: cont_size_ks_net, is: 5.18
27-Jan-20 15:32:24 - The final loss of model: cont_size_ks_net, is: 5.23
27-Jan-20 15:32:48 - The final loss of model: cont_size_ks_net, is: 5.16
27-Jan-20 15:34:33 - The final loss of model: cont_rec_ks_net, is: 3.36
27-Jan-20 15:39:01 - The final loss of model: cont_rec_ks_net, is: 3.35
27-Jan-20 15:41:11 - The final loss of model: cont_rec_ks_net, is: 3.38
27-Jan-20 15:41:38 - The final loss of model: cont_rec_ks_net, is: 3.35
27-Jan-20 15:42:50 - The final loss of model: cont_rec_ks_net, is: 3.79
27-Jan-20 15:43:52 - The final loss of model: cont_rec_ks_net, is: 3.40
27-Jan-20 15:44:54 - The final loss of model: cont_rec_ks_net, is: 3.40
27-Jan-20 15:45:55 - The final loss of model: cont_rec_ks_net, is: 3.42
27-Jan-20 15:50:01 - The final loss of model: binary_ks_net, is: 1.50
27-Jan-20 15:50:24 - The final loss of model: binary_ks_net, is: 1.48
27-Jan-20 15:51:52 - The final loss of model: cont_rec_ks_net, is: 3.35
27-Jan-20 15:54:46 - The final loss of model: binary_ks_net, is: 1.47
27-Jan-20 16:10:34 - The final loss of model: binary_ks_net, is: 1.48
27-Jan-20 16:11:04 - The final loss of model: binary_ks_net, is: 1.48
27-Jan-20 16:49:22 - The final loss of model: cont_rec_ks_net, is: 3.35
27-Jan-20 17:42:58 - The final loss of model: cont_size_ks_net, is: 5.49
27-Jan-20 17:44:55 - The final loss of model: cont_size_ks_net, is: 5.16
