20-Jan-21 18:18:01 - Binary data created succesfully
20-Jan-21 18:18:01 - is P(R=1 | B) > P(R=1 | A)? False
20-Jan-21 18:18:01 - is P(R=1 | A, L) > P(R=1 | B, L)? True
20-Jan-21 18:18:01 - is P(R=1 | A, S) > P(R=1 | B, S)? True
20-Jan-21 18:18:01 - binary_data.npy already existed
20-Jan-21 18:18:01 - Continuous treatment data created succesfully
20-Jan-21 18:18:01 - continuous_outcome_data.npy already existed
20-Jan-21 18:18:01 - Continuous size data with gamma parametrization created succesfully
20-Jan-21 18:18:01 - continuous_confounder_gamma_data.npy already existed
20-Jan-21 18:18:01 - Continuous size data with log-normal parametrization created succesfully
20-Jan-21 18:18:01 - continuous_confounder_logn_data.npy already existed
20-Jan-21 18:18:01 - Non-linear data created succesfully
20-Jan-21 18:18:01 - non_linear_data.npy already existed
20-Jan-21 18:18:28 - Binary data created succesfully
20-Jan-21 18:18:28 - is P(R=1 | B) > P(R=1 | A)? False
20-Jan-21 18:18:28 - is P(R=1 | A, L) > P(R=1 | B, L)? True
20-Jan-21 18:18:28 - is P(R=1 | A, S) > P(R=1 | B, S)? True
20-Jan-21 18:18:28 - binary_data.npy already existed
20-Jan-21 18:18:28 - Continuous treatment data created succesfully
20-Jan-21 18:18:28 - continuous_outcome_data.npy already existed
20-Jan-21 18:18:28 - Continuous size data with gamma parametrization created succesfully
20-Jan-21 18:18:28 - continuous_confounder_gamma_data.npy already existed
20-Jan-21 18:18:28 - Continuous size data with log-normal parametrization created succesfully
20-Jan-21 18:18:28 - continuous_confounder_logn_data.npy already existed
20-Jan-21 18:18:28 - Non-linear data created succesfully
20-Jan-21 18:18:28 - non_linear_data.npy already existed
20-Jan-21 18:18:53 - Binary data created succesfully
20-Jan-21 18:18:53 - is P(R=1 | B) > P(R=1 | A)? False
20-Jan-21 18:18:53 - is P(R=1 | A, L) > P(R=1 | B, L)? True
20-Jan-21 18:18:53 - is P(R=1 | A, S) > P(R=1 | B, S)? True
20-Jan-21 18:18:53 - binary_data.npy already existed
20-Jan-21 18:18:53 - Continuous treatment data created succesfully
20-Jan-21 18:18:53 - continuous_outcome_data.npy already existed
20-Jan-21 18:18:53 - Continuous size data with gamma parametrization created succesfully
20-Jan-21 18:18:53 - continuous_confounder_gamma_data.npy already existed
20-Jan-21 18:18:53 - Continuous size data with log-normal parametrization created succesfully
20-Jan-21 18:18:53 - continuous_confounder_logn_data.npy already existed
20-Jan-21 18:18:53 - Non-linear data created succesfully
20-Jan-21 18:18:53 - non_linear_data.npy already existed
20-Jan-21 18:18:53 - Mild unobserved confounder data created succesfully
20-Jan-21 18:18:53 - mild_unobserved_confounder_data.npy saved succesfully
20-Jan-21 18:18:53 - Strong unobserved confounder strong data created succesfully
20-Jan-21 18:18:53 - strong_nobserved_confounder_data.npy saved succesfully
20-Jan-21 18:18:53 - Front-door data created succesfully
20-Jan-21 18:18:53 - front_door_data.npy already existed
20-Jan-21 18:20:50 - Binary data created succesfully
20-Jan-21 18:20:50 - is P(R=1 | B) > P(R=1 | A)? False
20-Jan-21 18:20:50 - is P(R=1 | A, L) > P(R=1 | B, L)? True
20-Jan-21 18:20:50 - is P(R=1 | A, S) > P(R=1 | B, S)? True
20-Jan-21 18:20:50 - binary_data.npy already existed
20-Jan-21 18:20:50 - Continuous treatment data created succesfully
20-Jan-21 18:20:50 - continuous_outcome_data.npy already existed
20-Jan-21 18:20:50 - Continuous size data with gamma parametrization created succesfully
20-Jan-21 18:20:50 - continuous_confounder_gamma_data.npy already existed
20-Jan-21 18:20:50 - Continuous size data with log-normal parametrization created succesfully
20-Jan-21 18:20:50 - continuous_confounder_logn_data.npy already existed
20-Jan-21 18:20:50 - Non-linear data created succesfully
20-Jan-21 18:20:50 - non_linear_data.npy already existed
20-Jan-21 18:20:50 - Mild unobserved confounder data created succesfully
20-Jan-21 18:20:50 - mild_unobserved_confounder_data.npy already existed
20-Jan-21 18:20:50 - Strong unobserved confounder strong data created succesfully
20-Jan-21 18:20:50 - strong_unobserved_confounder_data.npy saved succesfully
20-Jan-21 18:20:50 - Front-door data created succesfully
20-Jan-21 18:20:50 - front_door_data.npy already existed
20-Jan-21 18:38:53 - Binary data created succesfully
20-Jan-21 18:38:53 - is P(R=1 | B) > P(R=1 | A)? False
20-Jan-21 18:38:53 - is P(R=1 | A, L) > P(R=1 | B, L)? True
20-Jan-21 18:38:53 - is P(R=1 | A, S) > P(R=1 | B, S)? True
20-Jan-21 18:38:53 - binary_data.npy already existed
20-Jan-21 18:38:53 - Continuous treatment data created succesfully
20-Jan-21 18:38:53 - continuous_outcome_data.npy already existed
20-Jan-21 18:38:53 - Continuous size data with gamma parametrization created succesfully
20-Jan-21 18:38:53 - continuous_confounder_gamma_data.npy already existed
20-Jan-21 18:38:53 - Continuous size data with log-normal parametrization created succesfully
20-Jan-21 18:38:53 - continuous_confounder_logn_data.npy already existed
20-Jan-21 18:38:53 - Non-linear data created succesfully
20-Jan-21 18:38:53 - non_linear_data.npy already existed
20-Jan-21 18:38:53 - Mild unobserved confounder data created succesfully
20-Jan-21 18:38:53 - mild_unobserved_confounder_data.npy already existed
20-Jan-21 18:38:53 - Strong unobserved confounder data created succesfully
20-Jan-21 18:38:53 - strong_unobserved_confounder_data.npy already existed
20-Jan-21 18:38:53 - Non linear unobserved confounder  data created succesfully
20-Jan-21 18:38:53 - non_linear_unobserved_confounder_data.npy saved succesfully
20-Jan-21 18:38:53 - Front-door data created succesfully
20-Jan-21 18:38:53 - front_door_data.npy already existed
