15-Dec-20 08:37:24 - The final loss of model: ContinuousOutcome, is: 3.68
15-Dec-20 08:40:15 - The final loss of model: ContinuousOutcome, is: 3.69
15-Dec-20 11:08:30 - The final loss of model: ContinuousOutcome, is: 3.69
15-Dec-20 13:38:01 - The final loss of model: ContinuousOutcome, is: 3.83
15-Dec-20 13:39:13 - The final loss of model: ContinuousOutcome, is: 3.96
15-Dec-20 14:16:04 - The final loss of model: ContinuousOutcome, is: 3.83
15-Dec-20 14:18:40 - The final loss of model: ContinuousOutcome, is: 4.11
15-Dec-20 14:21:40 - The final loss of model: ContinuousOutcome, is: 3.96
15-Dec-20 14:22:18 - The final loss of model: ContinuousOutcome, is: 3.68
15-Dec-20 14:22:51 - The final loss of model: ContinuousOutcome, is: 3.96
15-Dec-20 14:24:28 - The final loss of model: ContinuousOutcome, is: 3.96
15-Dec-20 14:28:38 - The final loss of model: ContinuousOutcome, is: 3.82
15-Dec-20 14:29:08 - The final loss of model: ContinuousOutcome, is: 3.83
15-Dec-20 14:29:34 - The final loss of model: ContinuousOutcome, is: 3.82
15-Dec-20 15:30:01 - The final loss of model: ContinuousOutcome, is: 3.82
16-Dec-20 14:47:50 - The final loss of model: ContinuousOutcome, is: 3.82
16-Dec-20 14:48:21 - The final loss of model: Binary, is: 1.58
18-Dec-20 10:36:33 - The final loss of model: ContinuousConfounderAndOutcome, is: 5.32
18-Dec-20 10:36:49 - The final loss of model: ContinuousConfounderAndOutcome, is: 5.79
18-Dec-20 11:04:58 - The final loss of model: ContinuousConfounderAndOutcome, is: 5.33
18-Dec-20 11:05:14 - The final loss of model: ContinuousConfounderAndOutcome, is: 5.51
18-Dec-20 11:06:36 - The final loss of model: ContinuousConfounderAndOutcome, is: 5.31
18-Dec-20 11:06:52 - The final loss of model: ContinuousConfounderAndOutcome, is: 5.51
18-Dec-20 11:08:21 - The final loss of model: ContinuousConfounderAndOutcome, is: 5.29
18-Dec-20 11:08:37 - The final loss of model: ContinuousConfounderAndOutcome, is: 5.51
18-Dec-20 11:10:03 - The final loss of model: ContinuousConfounderAndOutcome, is: 5.32
18-Dec-20 11:10:19 - The final loss of model: ContinuousConfounderAndOutcome, is: 5.52
18-Dec-20 11:11:16 - The final loss of model: ContinuousConfounderAndOutcome, is: 5.34
18-Dec-20 11:11:32 - The final loss of model: ContinuousConfounderAndOutcome, is: 5.52
18-Dec-20 11:21:07 - The final loss of model: ContinuousConfounderAndOutcome, is: 5.32
18-Dec-20 11:21:32 - The final loss of model: ContinuousConfounderAndOutcome, is: 5.78
18-Dec-20 11:27:03 - The final loss of model: ContinuousConfounderAndOutcome, is: 5.31
18-Dec-20 11:27:21 - The final loss of model: ContinuousConfounderAndOutcome, is: 5.56
18-Dec-20 11:33:24 - The final loss of model: ContinuousConfounderAndOutcome, is: 5.29
18-Dec-20 11:33:36 - The final loss of model: ContinuousConfounderAndOutcome, is: 5.57
18-Dec-20 11:37:36 - The final loss of model: ContinuousConfounderAndOutcome, is: 5.32
18-Dec-20 11:37:55 - The final loss of model: ContinuousConfounderAndOutcome, is: 5.52
19-Dec-20 09:19:29 - The final loss of model: ContinuousConfounderAndOutcome, is: 5.78
19-Dec-20 09:20:20 - The final loss of model: ContinuousConfounderAndOutcome, is: 5.32
19-Dec-20 09:21:08 - The final loss of model: ContinuousConfounderAndOutcome, is: 5.32
19-Dec-20 09:22:15 - The final loss of model: ContinuousConfounderAndOutcome, is: 5.29
19-Dec-20 09:22:55 - The final loss of model: ContinuousConfounderAndOutcome, is: 5.57
19-Dec-20 09:23:53 - The final loss of model: ContinuousConfounderAndOutcome, is: 5.46
19-Dec-20 09:24:35 - The final loss of model: ContinuousConfounderAndOutcome, is: 5.47
19-Dec-20 09:45:50 - The final loss of model: ContinuousConfounderAndOutcome, is: 5.47
20-Dec-20 10:22:13 - The final loss of model: ContinuousOutcome, is: 2.86
20-Dec-20 10:28:19 - The final loss of model: ContinuousOutcome, is: 2.86
The estimated causal effect is: 3.86
20-Dec-20 10:28:19 - The estimated causal effect is: 3.86
21-Dec-20 12:26:17 - The final loss of model: ContinuousOutcome, is: 2.86
The estimated causal effect is: 3.86
21-Dec-20 12:26:17 - The estimated causal effect is: 3.86
21-Dec-20 12:27:07 - The final loss of model: ContinuousConfounderAndOutcome, is: 7.05
21-Dec-20 12:28:41 - The final loss of model: ContinuousConfounderAndOutcome, is: 7.05
The estimated causal effect is: [0.0, 0.0, 0.0, 0.0]
21-Dec-20 12:28:41 - The estimated causal effect is: [0.0, 0.0, 0.0, 0.0]
21-Dec-20 12:30:46 - The final loss of model: ContinuousConfounderAndOutcome, is: 4.37
The estimated causal effect is: [3.5459728240966797, 5.120425224304199, 4.434633255004883, 4.257228851318359]
21-Dec-20 12:30:46 - The estimated causal effect is: [3.5459728240966797, 5.120425224304199, 4.434633255004883, 4.257228851318359]
21-Dec-20 12:33:14 - The final loss of model: ContinuousConfounderAndOutcome, is: 4.37
The estimated causal effect is: [3.1103458404541016, 7.03526496887207, 5.409648895263672, 5.382246971130371]
21-Dec-20 12:33:14 - The estimated causal effect is: [3.1103458404541016, 7.03526496887207, 5.409648895263672, 5.382246971130371]
21-Dec-20 12:37:17 - The final loss of model: ContinuousConfounderAndOutcome, is: 2.87
The estimated causal effect is: [2.947269916534424, 3.7270259857177734, 3.4135913848876953, 3.481884002685547]
21-Dec-20 12:37:17 - The estimated causal effect is: [2.947269916534424, 3.7270259857177734, 3.4135913848876953, 3.481884002685547]
21-Dec-20 12:56:15 - The final loss of model: ContinuousConfounderAndOutcome, is: 2.56
The estimated causal effect is: [1.3904705047607422, 2.0195701122283936, 1.7797527313232422, 1.8323874473571777]
21-Dec-20 12:56:15 - The estimated causal effect is: [1.3904705047607422, 2.0195701122283936, 1.7797527313232422, 1.8323874473571777]
21-Dec-20 12:59:11 - The final loss of model: ContinuousConfounderAndOutcome, is: 2.55
The estimated causal effect is: [0.15540599822998047, 1.6655702590942383, 0.9734125137329102, 1.1950066089630127]
21-Dec-20 12:59:11 - The estimated causal effect is: [0.15540599822998047, 1.6655702590942383, 0.9734125137329102, 1.1950066089630127]
21-Dec-20 12:59:58 - The final loss of model: ContinuousConfounderAndOutcome, is: 2.62
The estimated causal effect is: [0.06974411010742188, 0.7269115447998047, 0.4139213562011719, 0.6282229423522949]
21-Dec-20 12:59:58 - The estimated causal effect is: [0.06974411010742188, 0.7269115447998047, 0.4139213562011719, 0.6282229423522949]
21-Dec-20 13:07:30 - The final loss of model: ContinuousConfounderAndOutcome, is: 2.63
The estimated causal effect is: [0.4164614677429199, 1.2973999977111816, 0.8765597343444824, 1.0591754913330078]
21-Dec-20 13:07:30 - The estimated causal effect is: [0.4164614677429199, 1.2973999977111816, 0.8765597343444824, 1.0591754913330078]
22-Dec-20 13:00:12 - The final loss of model: ContinuousConfounderAndOutcome, is: 2.05
The estimated causal effect is: [-0.00041484832763671875, 1.6498934626579285, 0.33738280087709427, 0.833448976278305]
22-Dec-20 13:00:12 - The estimated causal effect is: [-0.00041484832763671875, 1.6498934626579285, 0.33738280087709427, 0.833448976278305]
22-Dec-20 13:05:16 - The final loss of model: ContinuousConfounderAndOutcome, is: 2.05
22-Dec-20 13:08:07 - The final loss of model: ContinuousConfounderAndOutcome, is: 2.05
The estimated causal effect is: [2.830331802368164, 5.972360610961914, 4.854416847229004, 4.88559627532959]
22-Dec-20 13:08:07 - The estimated causal effect is: [2.830331802368164, 5.972360610961914, 4.854416847229004, 4.88559627532959]
22-Dec-20 13:08:44 - The final loss of model: ContinuousConfounderAndOutcome, is: 1.91
The estimated causal effect is: [10.098188400268555, 7.14285945892334, 5.9226579666137695, 6.12553596496582]
22-Dec-20 13:08:44 - The estimated causal effect is: [10.098188400268555, 7.14285945892334, 5.9226579666137695, 6.12553596496582]
22-Dec-20 13:09:19 - The final loss of model: ContinuousConfounderAndOutcome, is: 1.86
The estimated causal effect is: [-0.4967660903930664, 4.513889312744141, 2.7920141220092773, 2.892157554626465]
22-Dec-20 13:09:19 - The estimated causal effect is: [-0.4967660903930664, 4.513889312744141, 2.7920141220092773, 2.892157554626465]
22-Dec-20 13:10:20 - The final loss of model: ContinuousConfounderAndOutcome, is: 1.64
The estimated causal effect is: [9.360498428344727, 0.49900245666503906, 3.5322065353393555, 3.819276809692383]
22-Dec-20 13:10:20 - The estimated causal effect is: [9.360498428344727, 0.49900245666503906, 3.5322065353393555, 3.819276809692383]
22-Dec-20 13:17:18 - The final loss of model: ContinuousConfounderAndOutcome, is: 3.80
The estimated causal effect is: [5.719708442687988, 0.5513143539428711, 3.0878372192382812, 3.4673166275024414]
22-Dec-20 13:17:18 - The estimated causal effect is: [5.719708442687988, 0.5513143539428711, 3.0878372192382812, 3.4673166275024414]
22-Dec-20 13:18:32 - The final loss of model: ContinuousConfounderAndOutcome, is: 3.80
The estimated causal effect is: [9.12331485748291, 4.394671440124512, 3.1569156646728516, 2.818465232849121, 3.6169233322143555]
22-Dec-20 13:18:32 - The estimated causal effect is: [9.12331485748291, 4.394671440124512, 3.1569156646728516, 2.818465232849121, 3.6169233322143555]
22-Dec-20 13:19:28 - The final loss of model: ContinuousConfounderAndOutcome, is: 2.78
The estimated causal effect is: [8.384012222290039, 4.786638259887695, 4.091221809387207, 3.861968994140625, 4.402158737182617]
22-Dec-20 13:19:28 - The estimated causal effect is: [8.384012222290039, 4.786638259887695, 4.091221809387207, 3.861968994140625, 4.402158737182617]
22-Dec-20 17:27:10 - The final loss of model: ContinuousConfounderAndOutcome, is: 8.40
The estimated causal effect is: [0.0, 0.0, 0.0, 0.0, 0.0]
22-Dec-20 17:27:10 - The estimated causal effect is: [0.0, 0.0, 0.0, 0.0, 0.0]
22-Dec-20 17:27:44 - The final loss of model: ContinuousConfounderAndOutcome, is: 2.91
The estimated causal effect is: [10.223281860351562, 4.552234649658203, 4.368494033813477, 4.604090690612793, 4.496644973754883]
22-Dec-20 17:27:44 - The estimated causal effect is: [10.223281860351562, 4.552234649658203, 4.368494033813477, 4.604090690612793, 4.496644973754883]
22-Dec-20 17:28:24 - The final loss of model: ContinuousConfounderAndOutcome, is: 2.85
The estimated causal effect is: [-4.917425155639648, -1.392202377319336, 3.8570756912231445, 4.068198204040527, 4.609739303588867]
22-Dec-20 17:28:24 - The estimated causal effect is: [-4.917425155639648, -1.392202377319336, 3.8570756912231445, 4.068198204040527, 4.609739303588867]
22-Dec-20 17:35:03 - The final loss of model: ContinuousConfounderAndOutcome, is: 1.59
The estimated causal effect is: [-5.113079071044922, -1.3266010284423828, 4.2579193115234375, 4.501168251037598, 5.021683692932129]
22-Dec-20 17:35:03 - The estimated causal effect is: [-5.113079071044922, -1.3266010284423828, 4.2579193115234375, 4.501168251037598, 5.021683692932129]
22-Dec-20 17:35:41 - The final loss of model: ContinuousConfounderAndOutcome, is: 1.60
The estimated causal effect is: [8.787779808044434, 5.285379409790039, 4.609016418457031, 4.356070518493652, 4.898109436035156]
22-Dec-20 17:35:41 - The estimated causal effect is: [8.787779808044434, 5.285379409790039, 4.609016418457031, 4.356070518493652, 4.898109436035156]
22-Dec-20 17:36:22 - The final loss of model: ContinuousConfounderAndOutcome, is: 2.75
The estimated causal effect is: [-0.022141456604003906, -2.0614852905273438, -2.176137924194336, -2.350759506225586, -2.40402889251709]
22-Dec-20 17:36:22 - The estimated causal effect is: [-0.022141456604003906, -2.0614852905273438, -2.176137924194336, -2.350759506225586, -2.40402889251709]
22-Dec-20 17:36:59 - The final loss of model: ContinuousConfounderAndOutcome, is: 2.02
The estimated causal effect is: [10.633790493011475, 3.803708076477051, 3.8286476135253906, 4.1754913330078125, 3.9801549911499023]
22-Dec-20 17:36:59 - The estimated causal effect is: [10.633790493011475, 3.803708076477051, 3.8286476135253906, 4.1754913330078125, 3.9801549911499023]
22-Dec-20 17:37:28 - The final loss of model: ContinuousConfounderAndOutcome, is: 1.62
The estimated causal effect is: [10.020238876342773, 4.855338096618652, 4.834868431091309, 5.198919296264648, 5.067694664001465]
22-Dec-20 17:37:28 - The estimated causal effect is: [10.020238876342773, 4.855338096618652, 4.834868431091309, 5.198919296264648, 5.067694664001465]
22-Dec-20 17:38:28 - The final loss of model: ContinuousConfounderAndOutcome, is: 1.64
The estimated causal effect is: [9.55353832244873, 4.092126846313477, 4.166650772094727, 4.447556495666504, 4.351213455200195]
22-Dec-20 17:38:28 - The estimated causal effect is: [9.55353832244873, 4.092126846313477, 4.166650772094727, 4.447556495666504, 4.351213455200195]
22-Dec-20 17:38:56 - The final loss of model: ContinuousConfounderAndOutcome, is: 1.79
The estimated causal effect is: [9.104425430297852, 3.685286521911621, 3.8697547912597656, 4.17071533203125, 4.051025390625]
22-Dec-20 17:38:56 - The estimated causal effect is: [9.104425430297852, 3.685286521911621, 3.8697547912597656, 4.17071533203125, 4.051025390625]
22-Dec-20 17:39:32 - The final loss of model: ContinuousConfounderAndOutcome, is: 2.31
The estimated causal effect is: [10.03895616531372, 3.654378890991211, 3.514124870300293, 3.694122314453125, 3.4706573486328125]
22-Dec-20 17:39:32 - The estimated causal effect is: [10.03895616531372, 3.654378890991211, 3.514124870300293, 3.694122314453125, 3.4706573486328125]
22-Dec-20 17:40:28 - The final loss of model: Binary, is: 1.95
The estimated causal effect is: 0.0
22-Dec-20 17:40:28 - The estimated causal effect is: 0.0
22-Dec-20 17:41:47 - The final loss of model: Binary, is: 1.92
The estimated causal effect is: 5.960464477539063e-08
22-Dec-20 17:41:47 - The estimated causal effect is: 5.960464477539063e-08
22-Dec-20 17:42:50 - The final loss of model: ContinuousOutcome, is: 2.33
The estimated causal effect is: 0.0
22-Dec-20 17:42:50 - The estimated causal effect is: 0.0
22-Dec-20 17:59:50 - The final loss of model: Binary, is: 1.91
The estimated causal effect is: -8.940696716308594e-07
22-Dec-20 17:59:50 - The estimated causal effect is: -8.940696716308594e-07
22-Dec-20 18:00:14 - The final loss of model: Binary, is: 1.92
The estimated causal effect is: -4.76837158203125e-07
22-Dec-20 18:00:14 - The estimated causal effect is: -4.76837158203125e-07
22-Dec-20 18:00:46 - The final loss of model: Binary, is: 1.95
The estimated causal effect is: -6.556510925292969e-07
22-Dec-20 18:00:46 - The estimated causal effect is: -6.556510925292969e-07
22-Dec-20 18:01:13 - The final loss of model: Binary, is: 1.95
The estimated causal effect is: 0.08661866188049316
22-Dec-20 18:01:13 - The estimated causal effect is: 0.08661866188049316
30-Dec-20 14:21:09 - The final loss of model: ContinuousConfounderAndOutcome, is: 2.39
30-Dec-20 14:21:26 - The final loss of model: ContinuousConfounderAndOutcome, is: 2.38
30-Dec-20 14:26:50 - The final loss of model: ContinuousConfounderAndOutcome, is: 2.40
30-Dec-20 14:27:08 - The final loss of model: ContinuousConfounderAndOutcome, is: 2.39
30-Dec-20 14:29:40 - The final loss of model: ContinuousConfounderAndOutcome, is: 2.65
30-Dec-20 14:29:56 - The final loss of model: ContinuousConfounderAndOutcome, is: 2.62
30-Dec-20 14:38:50 - The final loss of model: ContinuousConfounderAndOutcome, is: 2.65
30-Dec-20 14:39:06 - The final loss of model: ContinuousConfounderAndOutcome, is: 2.62
30-Dec-20 14:40:55 - The final loss of model: ContinuousConfounderAndOutcome, is: 2.66
30-Dec-20 14:41:11 - The final loss of model: ContinuousConfounderAndOutcome, is: 2.62
30-Dec-20 15:02:57 - The final loss of model: ContinuousConfounderAndOutcome, is: 2.65
30-Dec-20 15:03:13 - The final loss of model: ContinuousConfounderAndOutcome, is: 2.62
30-Dec-20 15:03:57 - The final loss of model: ContinuousConfounderAndOutcome, is: 2.65
30-Dec-20 15:04:12 - The final loss of model: ContinuousConfounderAndOutcome, is: 2.63
30-Dec-20 15:08:56 - The final loss of model: ContinuousConfounderAndOutcome, is: 2.65
30-Dec-20 15:09:11 - The final loss of model: ContinuousConfounderAndOutcome, is: 2.63
30-Dec-20 20:39:09 - The final loss of model: ContinuousConfounderAndOutcome, is: 2.66
30-Dec-20 20:39:24 - The final loss of model: ContinuousConfounderAndOutcome, is: 2.63
30-Dec-20 20:41:35 - The final loss of model: ContinuousConfounderAndOutcome, is: 2.65
30-Dec-20 20:41:51 - The final loss of model: ContinuousConfounderAndOutcome, is: 2.61
30-Dec-20 20:43:08 - The final loss of model: ContinuousConfounderAndOutcome, is: 2.65
30-Dec-20 20:43:25 - The final loss of model: ContinuousConfounderAndOutcome, is: 2.62
30-Dec-20 20:53:06 - The final loss of model: ContinuousConfounderAndOutcome, is: 2.65
30-Dec-20 20:53:21 - The final loss of model: ContinuousConfounderAndOutcome, is: 2.62
30-Dec-20 20:54:07 - The final loss of model: ContinuousConfounderAndOutcome, is: 2.65
30-Dec-20 20:54:22 - The final loss of model: ContinuousConfounderAndOutcome, is: 2.63
30-Dec-20 20:56:24 - The final loss of model: ContinuousConfounderAndOutcome, is: 2.65
30-Dec-20 20:56:39 - The final loss of model: ContinuousConfounderAndOutcome, is: 2.62
30-Dec-20 20:58:51 - The final loss of model: ContinuousConfounderAndOutcome, is: 2.66
30-Dec-20 20:59:06 - The final loss of model: ContinuousConfounderAndOutcome, is: 2.62
30-Dec-20 21:00:11 - The final loss of model: ContinuousConfounderAndOutcome, is: 2.65
30-Dec-20 21:00:26 - The final loss of model: ContinuousConfounderAndOutcome, is: 2.63
30-Dec-20 21:20:15 - The final loss of model: ContinuousConfounderAndOutcome, is: 2.65
30-Dec-20 21:20:31 - The final loss of model: ContinuousConfounderAndOutcome, is: 2.70
30-Dec-20 21:22:15 - The final loss of model: ContinuousConfounderAndOutcome, is: 2.65
30-Dec-20 21:22:30 - The final loss of model: ContinuousConfounderAndOutcome, is: 2.62
30-Dec-20 21:23:01 - The final loss of model: ContinuousConfounderAndOutcome, is: 2.65
30-Dec-20 21:23:16 - The final loss of model: ContinuousConfounderAndOutcome, is: 2.62
30-Dec-20 21:28:27 - The final loss of model: ContinuousConfounderAndOutcome, is: 2.66
30-Dec-20 21:28:42 - The final loss of model: ContinuousConfounderAndOutcome, is: 2.62
30-Dec-20 21:29:31 - The final loss of model: ContinuousConfounderAndOutcome, is: 2.65
30-Dec-20 21:29:48 - The final loss of model: ContinuousConfounderAndOutcome, is: 2.62
30-Dec-20 21:30:47 - The final loss of model: ContinuousConfounderAndOutcome, is: 2.65
30-Dec-20 21:31:03 - The final loss of model: ContinuousConfounderAndOutcome, is: 2.62
04-Jan-21 12:26:39 - The final loss of model: ContinuousConfounderAndOutcome, is: 2.65
04-Jan-21 12:26:56 - The final loss of model: ContinuousConfounderAndOutcome, is: 2.62
04-Jan-21 13:12:04 - The final loss of model: ContinuousConfounderAndOutcome, is: 2.65
04-Jan-21 13:12:28 - The final loss of model: ContinuousConfounderAndOutcome, is: 2.71
04-Jan-21 13:14:26 - The final loss of model: ContinuousConfounderAndOutcome, is: 2.65
04-Jan-21 13:14:45 - The final loss of model: ContinuousConfounderAndOutcome, is: 2.63
04-Jan-21 13:15:39 - The final loss of model: ContinuousConfounderAndOutcome, is: 2.65
04-Jan-21 13:16:02 - The final loss of model: ContinuousConfounderAndOutcome, is: 2.62
04-Jan-21 13:18:27 - The final loss of model: ContinuousConfounderAndOutcome, is: 2.65
04-Jan-21 13:18:49 - The final loss of model: ContinuousConfounderAndOutcome, is: 2.62
04-Jan-21 13:19:53 - The final loss of model: ContinuousConfounderAndOutcome, is: 2.66
04-Jan-21 13:20:08 - The final loss of model: ContinuousConfounderAndOutcome, is: 2.62
04-Jan-21 14:27:24 - The final loss of model: ContinuousConfounderAndOutcome, is: 2.66
04-Jan-21 14:27:39 - The final loss of model: ContinuousConfounderAndOutcome, is: 2.70
04-Jan-21 14:29:33 - The final loss of model: ContinuousConfounderAndOutcome, is: 2.65
04-Jan-21 14:29:56 - The final loss of model: ContinuousConfounderAndOutcome, is: 2.62
07-Jan-21 14:06:14 - The final loss of model: ContinuousConfounderAndOutcome, is: 2.63
07-Jan-21 14:06:58 - The final loss of model: ContinuousConfounderAndOutcome, is: 2.63
07-Jan-21 14:08:07 - The final loss of model: ContinuousConfounderAndOutcome, is: 2.63
The estimated causal effect is: [4.907430171966553, 4.91347062587738, 4.918667435646057, 4.923039793968201, 4.9266051054000854, 4.929378271102905, 4.931371092796326, 4.932592272758484, 4.933049201965332, 4.932744979858398, 4.931682348251343, 4.929860472679138, 4.927276372909546, 4.923924565315247, 4.919800400733948, 4.9148935079574585, 4.909196496009827, 4.902696847915649, 4.895382046699524, 4.887241005897522, 4.878260135650635, 4.868425488471985, 4.857725620269775, 4.846147656440735, 4.833680033683777, 4.820313334465027, 4.806039571762085, 4.79085385799408, 4.774752378463745, 4.757734894752502, 4.739806056022644, 4.720972776412964, 4.70124614238739, 4.680642485618591, 4.659181356430054, 4.636888384819031, 4.6137934923172, 4.589930772781372, 4.565340161323547, 4.540064096450806, 4.514150619506836, 4.487650990486145, 4.460620403289795, 4.433116912841797, 4.405200123786926, 4.376933336257935, 4.3483781814575195, 4.319599032402039, 4.290660619735718, 4.261626482009888, 4.232557415962219, 4.203515410423279, 4.174558639526367, 4.145743489265442, 4.117123126983643, 4.088745951652527, 4.060659885406494, 4.032906532287598, 4.005524754524231, 3.978550434112549, 3.9520119428634644, 3.9259384870529175, 3.9003520011901855, 3.8752721548080444, 3.850714683532715, 3.8266918659210205, 3.80321204662323, 3.7802822589874268, 3.7579047679901123, 3.7360804080963135, 3.714807391166687, 3.69408118724823, 3.673896074295044, 3.654244303703308, 3.6351170539855957, 3.616502523422241, 3.598389983177185, 3.580766439437866, 3.563618779182434, 3.546931743621826, 3.530691385269165, 3.5148823261260986, 3.4994893074035645, 3.484496831893921, 3.4698891639709473, 3.455650806427002, 3.441765546798706, 3.4282188415527344, 3.414994239807129, 3.4020782709121704, 3.3894550800323486, 3.3771106004714966, 3.3650306463241577, 3.353201150894165, 3.3416093587875366, 3.3302420377731323, 3.31908643245697, 3.3081305027008057, 3.297362208366394, 3.2867707014083862, 3.276344060897827, 3.2660727500915527, 3.2559456825256348, 3.2459540367126465, 3.2360875606536865, 3.2263373136520386, 3.2166948318481445, 3.207151412963867, 3.1976993083953857, 3.18833065032959, 3.179038405418396, 3.169815182685852, 3.160653829574585, 3.151548981666565, 3.14249324798584, 3.1334807872772217, 3.124505877494812, 3.1155641078948975, 3.1066489219665527, 3.0977554321289062, 3.088878870010376, 3.0800145864486694, 3.0711588859558105, 3.062306523323059, 3.053453207015991, 3.044595956802368, 3.035729765892029, 3.026852250099182, 3.0179591178894043, 3.009047269821167, 3.000112533569336, 2.9911530017852783, 2.9821650981903076, 2.9731463193893433, 2.964093327522278, 2.9550033807754517, 2.9458740949630737, 2.9367035627365112, 2.9274888038635254, 2.9182270765304565, 2.908916473388672, 2.899555206298828, 2.890141010284424, 2.880671977996826, 2.871145486831665, 2.8615607023239136, 2.8519147634506226, 2.8422069549560547, 2.8324350118637085, 2.8225972652435303, 2.812692642211914, 2.802719235420227, 2.7926759719848633, 2.7825616598129272, 2.7723740339279175, 2.762112855911255, 2.7517764568328857, 2.741364002227783, 2.7308743000030518, 2.7203060388565063, 2.709658622741699, 2.698930859565735, 2.688122034072876, 2.677231788635254, 2.666258454322815, 2.6552019119262695, 2.6440614461898804, 2.6328362226486206, 2.6215262413024902, 2.610129952430725, 2.598648428916931, 2.5870797634124756, 2.575424551963806, 2.563682436943054, 2.5518527030944824, 2.539935350418091, 2.527930736541748, 2.515838384628296, 2.5036582946777344, 2.4913907051086426, 2.4790351390838623, 2.4665926694869995, 2.4540622234344482, 2.4414459466934204, 2.4287420511245728, 2.4159523248672485, 2.403076648712158, 2.390115737915039, 2.37706983089447, 2.36393940448761, 2.350726008415222, 2.337429165840149, 2.324050545692444, 2.310590624809265, 2.2970502376556396, 2.283430337905884, 2.269731879234314, 2.2559561729431152, 2.2421038150787354, 2.2281763553619385]
07-Jan-21 14:08:07 - The estimated causal effect is: [4.907430171966553, 4.91347062587738, 4.918667435646057, 4.923039793968201, 4.9266051054000854, 4.929378271102905, 4.931371092796326, 4.932592272758484, 4.933049201965332, 4.932744979858398, 4.931682348251343, 4.929860472679138, 4.927276372909546, 4.923924565315247, 4.919800400733948, 4.9148935079574585, 4.909196496009827, 4.902696847915649, 4.895382046699524, 4.887241005897522, 4.878260135650635, 4.868425488471985, 4.857725620269775, 4.846147656440735, 4.833680033683777, 4.820313334465027, 4.806039571762085, 4.79085385799408, 4.774752378463745, 4.757734894752502, 4.739806056022644, 4.720972776412964, 4.70124614238739, 4.680642485618591, 4.659181356430054, 4.636888384819031, 4.6137934923172, 4.589930772781372, 4.565340161323547, 4.540064096450806, 4.514150619506836, 4.487650990486145, 4.460620403289795, 4.433116912841797, 4.405200123786926, 4.376933336257935, 4.3483781814575195, 4.319599032402039, 4.290660619735718, 4.261626482009888, 4.232557415962219, 4.203515410423279, 4.174558639526367, 4.145743489265442, 4.117123126983643, 4.088745951652527, 4.060659885406494, 4.032906532287598, 4.005524754524231, 3.978550434112549, 3.9520119428634644, 3.9259384870529175, 3.9003520011901855, 3.8752721548080444, 3.850714683532715, 3.8266918659210205, 3.80321204662323, 3.7802822589874268, 3.7579047679901123, 3.7360804080963135, 3.714807391166687, 3.69408118724823, 3.673896074295044, 3.654244303703308, 3.6351170539855957, 3.616502523422241, 3.598389983177185, 3.580766439437866, 3.563618779182434, 3.546931743621826, 3.530691385269165, 3.5148823261260986, 3.4994893074035645, 3.484496831893921, 3.4698891639709473, 3.455650806427002, 3.441765546798706, 3.4282188415527344, 3.414994239807129, 3.4020782709121704, 3.3894550800323486, 3.3771106004714966, 3.3650306463241577, 3.353201150894165, 3.3416093587875366, 3.3302420377731323, 3.31908643245697, 3.3081305027008057, 3.297362208366394, 3.2867707014083862, 3.276344060897827, 3.2660727500915527, 3.2559456825256348, 3.2459540367126465, 3.2360875606536865, 3.2263373136520386, 3.2166948318481445, 3.207151412963867, 3.1976993083953857, 3.18833065032959, 3.179038405418396, 3.169815182685852, 3.160653829574585, 3.151548981666565, 3.14249324798584, 3.1334807872772217, 3.124505877494812, 3.1155641078948975, 3.1066489219665527, 3.0977554321289062, 3.088878870010376, 3.0800145864486694, 3.0711588859558105, 3.062306523323059, 3.053453207015991, 3.044595956802368, 3.035729765892029, 3.026852250099182, 3.0179591178894043, 3.009047269821167, 3.000112533569336, 2.9911530017852783, 2.9821650981903076, 2.9731463193893433, 2.964093327522278, 2.9550033807754517, 2.9458740949630737, 2.9367035627365112, 2.9274888038635254, 2.9182270765304565, 2.908916473388672, 2.899555206298828, 2.890141010284424, 2.880671977996826, 2.871145486831665, 2.8615607023239136, 2.8519147634506226, 2.8422069549560547, 2.8324350118637085, 2.8225972652435303, 2.812692642211914, 2.802719235420227, 2.7926759719848633, 2.7825616598129272, 2.7723740339279175, 2.762112855911255, 2.7517764568328857, 2.741364002227783, 2.7308743000030518, 2.7203060388565063, 2.709658622741699, 2.698930859565735, 2.688122034072876, 2.677231788635254, 2.666258454322815, 2.6552019119262695, 2.6440614461898804, 2.6328362226486206, 2.6215262413024902, 2.610129952430725, 2.598648428916931, 2.5870797634124756, 2.575424551963806, 2.563682436943054, 2.5518527030944824, 2.539935350418091, 2.527930736541748, 2.515838384628296, 2.5036582946777344, 2.4913907051086426, 2.4790351390838623, 2.4665926694869995, 2.4540622234344482, 2.4414459466934204, 2.4287420511245728, 2.4159523248672485, 2.403076648712158, 2.390115737915039, 2.37706983089447, 2.36393940448761, 2.350726008415222, 2.337429165840149, 2.324050545692444, 2.310590624809265, 2.2970502376556396, 2.283430337905884, 2.269731879234314, 2.2559561729431152, 2.2421038150787354, 2.2281763553619385]
